2022-07-27 09:03:23,879 [myid:] - INFO  [main:o.a.z.s.q.QuorumPeerConfig@177] - Reading configuration from: C:\Users\david\Documents\zookeeper\apache-zookeeper-3.8.0-bin\conf\zoo.cfg
2022-07-27 09:03:23,882 [myid:] - WARN  [main:o.a.z.s.u.VerifyingFileFactory@65] - \tmp\zookeeper is relative. Prepend .\ to indicate that you're sure!
2022-07-27 09:03:23,884 [myid:] - INFO  [main:o.a.z.s.q.QuorumPeerConfig@440] - clientPortAddress is 0.0.0.0:2181
2022-07-27 09:03:23,884 [myid:] - INFO  [main:o.a.z.s.q.QuorumPeerConfig@444] - secureClientPort is not set
2022-07-27 09:03:23,884 [myid:] - INFO  [main:o.a.z.s.q.QuorumPeerConfig@460] - observerMasterPort is not set
2022-07-27 09:03:23,884 [myid:] - INFO  [main:o.a.z.s.q.QuorumPeerConfig@477] - metricsProvider.className is org.apache.zookeeper.metrics.impl.DefaultMetricsProvider
2022-07-27 09:03:23,886 [myid:] - INFO  [main:o.a.z.s.DatadirCleanupManager@78] - autopurge.snapRetainCount set to 3
2022-07-27 09:03:23,887 [myid:] - INFO  [main:o.a.z.s.DatadirCleanupManager@79] - autopurge.purgeInterval set to 0
2022-07-27 09:03:23,887 [myid:] - INFO  [main:o.a.z.s.DatadirCleanupManager@101] - Purge task is not scheduled.
2022-07-27 09:03:23,887 [myid:] - WARN  [main:o.a.z.s.q.QuorumPeerMain@139] - Either no config or no quorum defined in config, running in standalone mode
2022-07-27 09:03:23,888 [myid:] - INFO  [main:o.a.z.j.ManagedUtil@46] - Log4j 1.2 jmx support not found; jmx disabled.
2022-07-27 09:03:23,888 [myid:] - INFO  [main:o.a.z.s.q.QuorumPeerConfig@177] - Reading configuration from: C:\Users\david\Documents\zookeeper\apache-zookeeper-3.8.0-bin\conf\zoo.cfg
2022-07-27 09:03:23,888 [myid:] - WARN  [main:o.a.z.s.u.VerifyingFileFactory@65] - \tmp\zookeeper is relative. Prepend .\ to indicate that you're sure!
2022-07-27 09:03:23,888 [myid:] - INFO  [main:o.a.z.s.q.QuorumPeerConfig@440] - clientPortAddress is 0.0.0.0:2181
2022-07-27 09:03:23,888 [myid:] - INFO  [main:o.a.z.s.q.QuorumPeerConfig@444] - secureClientPort is not set
2022-07-27 09:03:23,888 [myid:] - INFO  [main:o.a.z.s.q.QuorumPeerConfig@460] - observerMasterPort is not set
2022-07-27 09:03:23,888 [myid:] - INFO  [main:o.a.z.s.q.QuorumPeerConfig@477] - metricsProvider.className is org.apache.zookeeper.metrics.impl.DefaultMetricsProvider
2022-07-27 09:03:23,888 [myid:] - INFO  [main:o.a.z.s.ZooKeeperServerMain@123] - Starting server
2022-07-27 09:03:23,897 [myid:] - INFO  [main:o.a.z.s.ServerMetrics@64] - ServerMetrics initialized with provider org.apache.zookeeper.metrics.impl.DefaultMetricsProvider@217ed35e
2022-07-27 09:03:23,900 [myid:] - INFO  [main:o.a.z.s.a.DigestAuthenticationProvider@47] - ACL digest algorithm is: SHA1
2022-07-27 09:03:23,900 [myid:] - INFO  [main:o.a.z.s.a.DigestAuthenticationProvider@61] - zookeeper.DigestAuthenticationProvider.enabled = true
2022-07-27 09:03:23,902 [myid:] - INFO  [main:o.a.z.s.p.FileTxnSnapLog@124] - zookeeper.snapshot.trust.empty : false
2022-07-27 09:03:23,908 [myid:] - INFO  [main:o.a.z.ZookeeperBanner@42] - 
2022-07-27 09:03:23,908 [myid:] - INFO  [main:o.a.z.ZookeeperBanner@42] -   ______                  _                                          
2022-07-27 09:03:23,908 [myid:] - INFO  [main:o.a.z.ZookeeperBanner@42] -  |___  /                 | |                                         
2022-07-27 09:03:23,908 [myid:] - INFO  [main:o.a.z.ZookeeperBanner@42] -     / /    ___     ___   | | __   ___    ___   _ __     ___   _ __   
2022-07-27 09:03:23,908 [myid:] - INFO  [main:o.a.z.ZookeeperBanner@42] -    / /    / _ \   / _ \  | |/ /  / _ \  / _ \ | '_ \   / _ \ | '__|
2022-07-27 09:03:23,908 [myid:] - INFO  [main:o.a.z.ZookeeperBanner@42] -   / /__  | (_) | | (_) | |   <  |  __/ |  __/ | |_) | |  __/ | |    
2022-07-27 09:03:23,908 [myid:] - INFO  [main:o.a.z.ZookeeperBanner@42] -  /_____|  \___/   \___/  |_|\_\  \___|  \___| | .__/   \___| |_|
2022-07-27 09:03:23,909 [myid:] - INFO  [main:o.a.z.ZookeeperBanner@42] -                                               | |                     
2022-07-27 09:03:23,909 [myid:] - INFO  [main:o.a.z.ZookeeperBanner@42] -                                               |_|                     
2022-07-27 09:03:23,909 [myid:] - INFO  [main:o.a.z.ZookeeperBanner@42] - 
2022-07-27 09:03:23,911 [myid:] - INFO  [main:o.a.z.Environment@98] - Server environment:zookeeper.version=3.8.0-5a02a05eddb59aee6ac762f7ea82e92a68eb9c0f, built on 2022-02-25 08:49 UTC
2022-07-27 09:03:23,911 [myid:] - INFO  [main:o.a.z.Environment@98] - Server environment:host.name=DESKTOP-5A4RC55
2022-07-27 09:03:23,911 [myid:] - INFO  [main:o.a.z.Environment@98] - Server environment:java.version=18.0.2
2022-07-27 09:03:23,911 [myid:] - INFO  [main:o.a.z.Environment@98] - Server environment:java.vendor=Oracle Corporation
2022-07-27 09:03:23,911 [myid:] - INFO  [main:o.a.z.Environment@98] - Server environment:java.home=C:\Program Files\Java\jdk-18.0.2
2022-07-27 09:03:23,911 [myid:] - INFO  [main:o.a.z.Environment@98] - Server environment:java.class.path=C:\Users\david\Documents\zookeeper\apache-zookeeper-3.8.0-bin\zookeeper-server\target\classes;C:\Users\david\Documents\zookeeper\apache-zookeeper-3.8.0-bin\build\classes;C:\Users\david\Documents\zookeeper\apache-zookeeper-3.8.0-bin\zookeeper-server\target\lib\*.jar;C:\Users\david\Documents\zookeeper\apache-zookeeper-3.8.0-bin\build\lib\*.jar;C:\Users\david\Documents\zookeeper\apache-zookeeper-3.8.0-bin\lib\zookeeper-prometheus-metrics-3.8.0.jar;C:\Users\david\Documents\zookeeper\apache-zookeeper-3.8.0-bin\lib\zookeeper-jute-3.8.0.jar;C:\Users\david\Documents\zookeeper\apache-zookeeper-3.8.0-bin\lib\zookeeper-3.8.0.jar;C:\Users\david\Documents\zookeeper\apache-zookeeper-3.8.0-bin\lib\snappy-java-1.1.7.7.jar;C:\Users\david\Documents\zookeeper\apache-zookeeper-3.8.0-bin\lib\slf4j-api-1.7.30.jar;C:\Users\david\Documents\zookeeper\apache-zookeeper-3.8.0-bin\lib\simpleclient_servlet-0.9.0.jar;C:\Users\david\Documents\zookeeper\apache-zookeeper-3.8.0-bin\lib\simpleclient_hotspot-0.9.0.jar;C:\Users\david\Documents\zookeeper\apache-zookeeper-3.8.0-bin\lib\simpleclient_common-0.9.0.jar;C:\Users\david\Documents\zookeeper\apache-zookeeper-3.8.0-bin\lib\simpleclient-0.9.0.jar;C:\Users\david\Documents\zookeeper\apache-zookeeper-3.8.0-bin\lib\netty-transport-native-unix-common-4.1.73.Final.jar;C:\Users\david\Documents\zookeeper\apache-zookeeper-3.8.0-bin\lib\netty-transport-native-epoll-4.1.73.Final.jar;C:\Users\david\Documents\zookeeper\apache-zookeeper-3.8.0-bin\lib\netty-transport-classes-epoll-4.1.73.Final.jar;C:\Users\david\Documents\zookeeper\apache-zookeeper-3.8.0-bin\lib\netty-transport-4.1.73.Final.jar;C:\Users\david\Documents\zookeeper\apache-zookeeper-3.8.0-bin\lib\netty-tcnative-classes-2.0.48.Final.jar;C:\Users\david\Documents\zookeeper\apache-zookeeper-3.8.0-bin\lib\netty-tcnative-2.0.48.Final.jar;C:\Users\david\Documents\zookeeper\apache-zookeeper-3.8.0-bin\lib\netty-resolver-4.1.73.Final.jar;C:\Users\david\Documents\zookeeper\apache-zookeeper-3.8.0-bin\lib\netty-handler-4.1.73.Final.jar;C:\Users\david\Documents\zookeeper\apache-zookeeper-3.8.0-bin\lib\netty-common-4.1.73.Final.jar;C:\Users\david\Documents\zookeeper\apache-zookeeper-3.8.0-bin\lib\netty-codec-4.1.73.Final.jar;C:\Users\david\Documents\zookeeper\apache-zookeeper-3.8.0-bin\lib\netty-buffer-4.1.73.Final.jar;C:\Users\david\Documents\zookeeper\apache-zookeeper-3.8.0-bin\lib\metrics-core-4.1.12.1.jar;C:\Users\david\Documents\zookeeper\apache-zookeeper-3.8.0-bin\lib\logback-core-1.2.10.jar;C:\Users\david\Documents\zookeeper\apache-zookeeper-3.8.0-bin\lib\logback-classic-1.2.10.jar;C:\Users\david\Documents\zookeeper\apache-zookeeper-3.8.0-bin\lib\jline-2.14.6.jar;C:\Users\david\Documents\zookeeper\apache-zookeeper-3.8.0-bin\lib\jetty-util-ajax-9.4.43.v20210629.jar;C:\Users\david\Documents\zookeeper\apache-zookeeper-3.8.0-bin\lib\jetty-util-9.4.43.v20210629.jar;C:\Users\david\Documents\zookeeper\apache-zookeeper-3.8.0-bin\lib\jetty-servlet-9.4.43.v20210629.jar;C:\Users\david\Documents\zookeeper\apache-zookeeper-3.8.0-bin\lib\jetty-server-9.4.43.v20210629.jar;C:\Users\david\Documents\zookeeper\apache-zookeeper-3.8.0-bin\lib\jetty-security-9.4.43.v20210629.jar;C:\Users\david\Documents\zookeeper\apache-zookeeper-3.8.0-bin\lib\jetty-io-9.4.43.v20210629.jar;C:\Users\david\Documents\zookeeper\apache-zookeeper-3.8.0-bin\lib\jetty-http-9.4.43.v20210629.jar;C:\Users\david\Documents\zookeeper\apache-zookeeper-3.8.0-bin\lib\javax.servlet-api-3.1.0.jar;C:\Users\david\Documents\zookeeper\apache-zookeeper-3.8.0-bin\lib\jackson-databind-2.13.1.jar;C:\Users\david\Documents\zookeeper\apache-zookeeper-3.8.0-bin\lib\jackson-core-2.13.1.jar;C:\Users\david\Documents\zookeeper\apache-zookeeper-3.8.0-bin\lib\jackson-annotations-2.13.1.jar;C:\Users\david\Documents\zookeeper\apache-zookeeper-3.8.0-bin\lib\commons-io-2.11.0.jar;C:\Users\david\Documents\zookeeper\apache-zookeeper-3.8.0-bin\lib\commons-cli-1.4.jar;C:\Users\david\Documents\zookeeper\apache-zookeeper-3.8.0-bin\lib\audience-annotations-0.12.0.jar;C:\Users\david\Documents\zookeeper\apache-zookeeper-3.8.0-bin\zookeeper-*.jar;C:\Users\david\Documents\zookeeper\apache-zookeeper-3.8.0-bin\zookeeper-server\src\main\resources\lib\*.jar;C:\Users\david\Documents\zookeeper\apache-zookeeper-3.8.0-bin\conf;.
2022-07-27 09:03:23,911 [myid:] - INFO  [main:o.a.z.Environment@98] - Server environment:java.library.path=C:\Program Files\Java\jdk-18.0.2\bin;C:\Windows\Sun\Java\bin;C:\Windows\system32;C:\Windows;C:\Users\david\bin;C:\Program Files (x86)\Git\mingw32\bin;C:\Program Files (x86)\Git\usr\local\bin;C:\Program Files (x86)\Git\usr\bin;C:\Program Files (x86)\Git\usr\bin;C:\Program Files (x86)\Git\mingw32\bin;C:\Program Files (x86)\Git\usr\bin;C:\Users\david\bin;C:\Program Files\Common Files\Oracle\Java\javapath;C:\Windows\system32;C:\Windows;C:\Windows\System32\Wbem;C:\Windows\System32\WindowsPowerShell\v1.0;C:\Windows\System32\OpenSSH;C:\Program Files (x86)\Git\cmd;C:\Users\david\AppData\Local\Microsoft\WindowsApps;C:\Program Files (x86)\Git\usr\bin\vendor_perl;C:\Program Files (x86)\Git\usr\bin\core_perl;.
2022-07-27 09:03:23,911 [myid:] - INFO  [main:o.a.z.Environment@98] - Server environment:java.io.tmpdir=C:\Users\david\AppData\Local\Temp\
2022-07-27 09:03:23,911 [myid:] - INFO  [main:o.a.z.Environment@98] - Server environment:java.compiler=<NA>
2022-07-27 09:03:23,911 [myid:] - INFO  [main:o.a.z.Environment@98] - Server environment:os.name=Windows 10
2022-07-27 09:03:23,911 [myid:] - INFO  [main:o.a.z.Environment@98] - Server environment:os.arch=amd64
2022-07-27 09:03:23,911 [myid:] - INFO  [main:o.a.z.Environment@98] - Server environment:os.version=10.0
2022-07-27 09:03:23,911 [myid:] - INFO  [main:o.a.z.Environment@98] - Server environment:user.name=david
2022-07-27 09:03:23,911 [myid:] - INFO  [main:o.a.z.Environment@98] - Server environment:user.home=C:\Users\david
2022-07-27 09:03:23,912 [myid:] - INFO  [main:o.a.z.Environment@98] - Server environment:user.dir=C:\Users\david\Documents\zookeeper\apache-zookeeper-3.8.0-bin\bin
2022-07-27 09:03:23,912 [myid:] - INFO  [main:o.a.z.Environment@98] - Server environment:os.memory.free=111MB
2022-07-27 09:03:23,912 [myid:] - INFO  [main:o.a.z.Environment@98] - Server environment:os.memory.max=1000MB
2022-07-27 09:03:23,912 [myid:] - INFO  [main:o.a.z.Environment@98] - Server environment:os.memory.total=126MB
2022-07-27 09:03:23,912 [myid:] - INFO  [main:o.a.z.s.ZooKeeperServer@140] - zookeeper.enableEagerACLCheck = false
2022-07-27 09:03:23,912 [myid:] - INFO  [main:o.a.z.s.ZooKeeperServer@153] - zookeeper.digest.enabled = true
2022-07-27 09:03:23,912 [myid:] - INFO  [main:o.a.z.s.ZooKeeperServer@157] - zookeeper.closeSessionTxn.enabled = true
2022-07-27 09:03:23,912 [myid:] - INFO  [main:o.a.z.s.ZooKeeperServer@1496] - zookeeper.flushDelay = 0 ms
2022-07-27 09:03:23,912 [myid:] - INFO  [main:o.a.z.s.ZooKeeperServer@1505] - zookeeper.maxWriteQueuePollTime = 0 ms
2022-07-27 09:03:23,913 [myid:] - INFO  [main:o.a.z.s.ZooKeeperServer@1514] - zookeeper.maxBatchSize=1000
2022-07-27 09:03:23,913 [myid:] - INFO  [main:o.a.z.s.ZooKeeperServer@264] - zookeeper.intBufferStartingSizeBytes = 1024
2022-07-27 09:03:23,914 [myid:] - INFO  [main:o.a.z.s.BlueThrottle@141] - Weighed connection throttling is disabled
2022-07-27 09:03:23,914 [myid:] - INFO  [main:o.a.z.s.ZooKeeperServer@1297] - minSessionTimeout set to 4000 ms
2022-07-27 09:03:23,914 [myid:] - INFO  [main:o.a.z.s.ZooKeeperServer@1306] - maxSessionTimeout set to 40000 ms
2022-07-27 09:03:23,916 [myid:] - INFO  [main:o.a.z.s.ResponseCache@45] - getData response cache size is initialized with value 400.
2022-07-27 09:03:23,916 [myid:] - INFO  [main:o.a.z.s.ResponseCache@45] - getChildren response cache size is initialized with value 400.
2022-07-27 09:03:23,916 [myid:] - INFO  [main:o.a.z.s.u.RequestPathMetricsCollector@109] - zookeeper.pathStats.slotCapacity = 60
2022-07-27 09:03:23,917 [myid:] - INFO  [main:o.a.z.s.u.RequestPathMetricsCollector@110] - zookeeper.pathStats.slotDuration = 15
2022-07-27 09:03:23,917 [myid:] - INFO  [main:o.a.z.s.u.RequestPathMetricsCollector@111] - zookeeper.pathStats.maxDepth = 6
2022-07-27 09:03:23,917 [myid:] - INFO  [main:o.a.z.s.u.RequestPathMetricsCollector@112] - zookeeper.pathStats.initialDelay = 5
2022-07-27 09:03:23,917 [myid:] - INFO  [main:o.a.z.s.u.RequestPathMetricsCollector@113] - zookeeper.pathStats.delay = 5
2022-07-27 09:03:23,917 [myid:] - INFO  [main:o.a.z.s.u.RequestPathMetricsCollector@114] - zookeeper.pathStats.enabled = false
2022-07-27 09:03:23,919 [myid:] - INFO  [main:o.a.z.s.ZooKeeperServer@1533] - The max bytes for all large requests are set to 104857600
2022-07-27 09:03:23,919 [myid:] - INFO  [main:o.a.z.s.ZooKeeperServer@1547] - The large request threshold is set to -1
2022-07-27 09:03:23,919 [myid:] - INFO  [main:o.a.z.s.AuthenticationHelper@66] - zookeeper.enforce.auth.enabled = false
2022-07-27 09:03:23,919 [myid:] - INFO  [main:o.a.z.s.AuthenticationHelper@67] - zookeeper.enforce.auth.schemes = []
2022-07-27 09:03:23,919 [myid:] - INFO  [main:o.a.z.s.ZooKeeperServer@365] - Created server with tickTime 2000 ms minSessionTimeout 4000 ms maxSessionTimeout 40000 ms clientPortListenBacklog -1 datadir \tmp\zookeeper\version-2 snapdir \tmp\zookeeper\version-2
2022-07-27 09:03:23,936 [myid:] - INFO  [main:o.e.j.u.l.Log@170] - Logging initialized @494ms to org.eclipse.jetty.util.log.Slf4jLog
2022-07-27 09:03:23,986 [myid:] - WARN  [main:o.e.j.s.h.ContextHandler@1656] - o.e.j.s.ServletContextHandler@1a942c18{/,null,STOPPED} contextPath ends with /*
2022-07-27 09:03:23,986 [myid:] - WARN  [main:o.e.j.s.h.ContextHandler@1667] - Empty contextPath
2022-07-27 09:03:24,003 [myid:] - INFO  [main:o.e.j.s.Server@375] - jetty-9.4.43.v20210629; built: 2021-06-30T11:07:22.254Z; git: 526006ecfa3af7f1a27ef3a288e2bef7ea9dd7e8; jvm 18.0.2+9-61
2022-07-27 09:03:24,028 [myid:] - INFO  [main:o.e.j.s.s.DefaultSessionIdManager@334] - DefaultSessionIdManager workerName=node0
2022-07-27 09:03:24,029 [myid:] - INFO  [main:o.e.j.s.s.DefaultSessionIdManager@339] - No SessionScavenger set, using defaults
2022-07-27 09:03:24,029 [myid:] - INFO  [main:o.e.j.s.s.HouseKeeper@132] - node0 Scavenging every 600000ms
2022-07-27 09:03:24,033 [myid:] - WARN  [main:o.e.j.s.ConstraintSecurityHandler@759] - ServletContext@o.e.j.s.ServletContextHandler@1a942c18{/,null,STARTING} has uncovered http methods for path: /*
2022-07-27 09:03:24,039 [myid:] - INFO  [main:o.e.j.s.h.ContextHandler@915] - Started o.e.j.s.ServletContextHandler@1a942c18{/,null,AVAILABLE}
2022-07-27 09:03:24,056 [myid:] - INFO  [main:o.e.j.s.AbstractConnector@331] - Started ServerConnector@1e04fa0a{HTTP/1.1, (http/1.1)}{0.0.0.0:8080}
2022-07-27 09:03:24,056 [myid:] - INFO  [main:o.e.j.s.Server@415] - Started @614ms
2022-07-27 09:03:24,056 [myid:] - INFO  [main:o.a.z.s.a.JettyAdminServer@196] - Started AdminServer on address 0.0.0.0, port 8080 and command URL /commands
2022-07-27 09:03:24,057 [myid:] - INFO  [main:o.a.z.s.ServerCnxnFactory@169] - Using org.apache.zookeeper.server.NIOServerCnxnFactory as server connection factory
2022-07-27 09:03:24,057 [myid:] - WARN  [main:o.a.z.s.ServerCnxnFactory@309] - maxCnxns is not configured, using default value 0.
2022-07-27 09:03:24,057 [myid:] - INFO  [main:o.a.z.s.NIOServerCnxnFactory@652] - Configuring NIO connection handler with 10s sessionless connection timeout, 2 selector thread(s), 16 worker threads, and 64 kB direct buffers.
2022-07-27 09:03:24,064 [myid:] - INFO  [main:o.a.z.s.NIOServerCnxnFactory@660] - binding to port 0.0.0.0/0.0.0.0:2181
2022-07-27 09:03:24,073 [myid:] - INFO  [main:o.a.z.s.w.WatchManagerFactory@42] - Using org.apache.zookeeper.server.watch.WatchManager as watch manager
2022-07-27 09:03:24,074 [myid:] - INFO  [main:o.a.z.s.w.WatchManagerFactory@42] - Using org.apache.zookeeper.server.watch.WatchManager as watch manager
2022-07-27 09:03:24,075 [myid:] - INFO  [main:o.a.z.s.ZKDatabase@132] - zookeeper.snapshotSizeFactor = 0.33
2022-07-27 09:03:24,075 [myid:] - INFO  [main:o.a.z.s.ZKDatabase@152] - zookeeper.commitLogCount=500
2022-07-27 09:03:24,077 [myid:] - INFO  [main:o.a.z.s.p.SnapStream@61] - zookeeper.snapshot.compression.method = CHECKED
2022-07-27 09:03:24,089 [myid:] - INFO  [main:o.a.z.s.p.FileSnap@85] - Reading snapshot \tmp\zookeeper\version-2\snapshot.1c
2022-07-27 09:03:24,093 [myid:] - INFO  [main:o.a.z.s.DataTree@1705] - The digest in the snapshot has digest version of 2, with zxid as 0x1c, and digest value as 10480076966
2022-07-27 09:03:24,128 [myid:] - INFO  [main:o.a.z.s.p.FileTxnSnapLog@372] - 67 txns loaded in 21 ms
2022-07-27 09:03:24,128 [myid:] - INFO  [main:o.a.z.s.ZKDatabase@289] - Snapshot loaded in 53 ms, highest zxid is 0x5f, digest is 12600286177
2022-07-27 09:03:24,130 [myid:] - INFO  [main:o.a.z.s.p.FileTxnSnapLog@479] - Snapshotting: 0x5f to \tmp\zookeeper\version-2\snapshot.5f
2022-07-27 09:03:24,133 [myid:] - INFO  [main:o.a.z.s.ZooKeeperServer@547] - Snapshot taken in 4 ms
2022-07-27 09:03:24,143 [myid:] - INFO  [ProcessThread(sid:0 cport:2181)::o.a.z.s.PrepRequestProcessor@138] - PrepRequestProcessor (sid:0) started, reconfigEnabled=false
2022-07-27 09:03:24,143 [myid:] - INFO  [main:o.a.z.s.RequestThrottler@75] - zookeeper.request_throttler.shutdownTimeout = 10000 ms
2022-07-27 09:03:24,157 [myid:] - INFO  [main:o.a.z.s.ContainerManager@84] - Using checkIntervalMs=60000 maxPerMinute=10000 maxNeverUsedIntervalMs=0
2022-07-27 09:03:24,157 [myid:] - INFO  [main:o.a.z.a.ZKAuditProvider@42] - ZooKeeper audit is disabled.
2022-07-27 09:03:44,976 [myid:] - INFO  [SyncThread:0:o.a.z.s.p.FileTxnLog@285] - Creating new log file: log.60
2022-07-27 09:03:53,623 [myid:] - WARN  [NIOWorkerThread-7:o.a.z.s.NIOServerCnxn@380] - Close of session 0x100036bd9fb0000
java.net.SocketException: Connection reset
	at java.base/sun.nio.ch.SocketChannelImpl.throwConnectionReset(SocketChannelImpl.java:394)
	at java.base/sun.nio.ch.SocketChannelImpl.read(SocketChannelImpl.java:426)
	at org.apache.zookeeper.server.NIOServerCnxn.doIO(NIOServerCnxn.java:331)
	at org.apache.zookeeper.server.NIOServerCnxnFactory$IOWorkRequest.doWork(NIOServerCnxnFactory.java:508)
	at org.apache.zookeeper.server.WorkerService$ScheduledWorkRequest.run(WorkerService.java:153)
	at java.base/java.util.concurrent.ThreadPoolExecutor.runWorker(ThreadPoolExecutor.java:1136)
	at java.base/java.util.concurrent.ThreadPoolExecutor$Worker.run(ThreadPoolExecutor.java:635)
	at java.base/java.lang.Thread.run(Thread.java:833)
2022-07-27 09:04:02,333 [myid:] - INFO  [SessionTracker:o.a.z.s.ZooKeeperServer@632] - Expiring session 0x100036bd9fb0000, timeout of 10000ms exceeded
2022-07-27 09:04:16,864 [myid:] - WARN  [NIOWorkerThread-12:o.a.z.s.NIOServerCnxn@380] - Close of session 0x100036bd9fb0001
java.net.SocketException: Connection reset
	at java.base/sun.nio.ch.SocketChannelImpl.throwConnectionReset(SocketChannelImpl.java:394)
	at java.base/sun.nio.ch.SocketChannelImpl.read(SocketChannelImpl.java:426)
	at org.apache.zookeeper.server.NIOServerCnxn.doIO(NIOServerCnxn.java:331)
	at org.apache.zookeeper.server.NIOServerCnxnFactory$IOWorkRequest.doWork(NIOServerCnxnFactory.java:508)
	at org.apache.zookeeper.server.WorkerService$ScheduledWorkRequest.run(WorkerService.java:153)
	at java.base/java.util.concurrent.ThreadPoolExecutor.runWorker(ThreadPoolExecutor.java:1136)
	at java.base/java.util.concurrent.ThreadPoolExecutor$Worker.run(ThreadPoolExecutor.java:635)
	at java.base/java.lang.Thread.run(Thread.java:833)
2022-07-27 09:04:26,334 [myid:] - INFO  [SessionTracker:o.a.z.s.ZooKeeperServer@632] - Expiring session 0x100036bd9fb0001, timeout of 10000ms exceeded
2022-07-27 09:07:42,977 [myid:] - WARN  [NIOWorkerThread-13:o.a.z.s.NIOServerCnxn@380] - Close of session 0x100036bd9fb0002
java.net.SocketException: Connection reset
	at java.base/sun.nio.ch.SocketChannelImpl.throwConnectionReset(SocketChannelImpl.java:394)
	at java.base/sun.nio.ch.SocketChannelImpl.read(SocketChannelImpl.java:426)
	at org.apache.zookeeper.server.NIOServerCnxn.doIO(NIOServerCnxn.java:331)
	at org.apache.zookeeper.server.NIOServerCnxnFactory$IOWorkRequest.doWork(NIOServerCnxnFactory.java:508)
	at org.apache.zookeeper.server.WorkerService$ScheduledWorkRequest.run(WorkerService.java:153)
	at java.base/java.util.concurrent.ThreadPoolExecutor.runWorker(ThreadPoolExecutor.java:1136)
	at java.base/java.util.concurrent.ThreadPoolExecutor$Worker.run(ThreadPoolExecutor.java:635)
	at java.base/java.lang.Thread.run(Thread.java:833)
2022-07-27 09:07:52,334 [myid:] - INFO  [SessionTracker:o.a.z.s.ZooKeeperServer@632] - Expiring session 0x100036bd9fb0002, timeout of 10000ms exceeded
2022-07-27 09:09:56,629 [myid:] - WARN  [NIOWorkerThread-6:o.a.z.s.NIOServerCnxn@380] - Close of session 0x100036bd9fb0003
java.net.SocketException: Connection reset
	at java.base/sun.nio.ch.SocketChannelImpl.throwConnectionReset(SocketChannelImpl.java:394)
	at java.base/sun.nio.ch.SocketChannelImpl.read(SocketChannelImpl.java:426)
	at org.apache.zookeeper.server.NIOServerCnxn.doIO(NIOServerCnxn.java:331)
	at org.apache.zookeeper.server.NIOServerCnxnFactory$IOWorkRequest.doWork(NIOServerCnxnFactory.java:508)
	at org.apache.zookeeper.server.WorkerService$ScheduledWorkRequest.run(WorkerService.java:153)
	at java.base/java.util.concurrent.ThreadPoolExecutor.runWorker(ThreadPoolExecutor.java:1136)
	at java.base/java.util.concurrent.ThreadPoolExecutor$Worker.run(ThreadPoolExecutor.java:635)
	at java.base/java.lang.Thread.run(Thread.java:833)
2022-07-27 09:10:06,333 [myid:] - INFO  [SessionTracker:o.a.z.s.ZooKeeperServer@632] - Expiring session 0x100036bd9fb0003, timeout of 10000ms exceeded
2022-07-27 09:10:13,939 [myid:] - WARN  [NIOWorkerThread-12:o.a.z.s.NIOServerCnxn@380] - Close of session 0x100036bd9fb0005
java.net.SocketException: Connection reset
	at java.base/sun.nio.ch.SocketChannelImpl.throwConnectionReset(SocketChannelImpl.java:394)
	at java.base/sun.nio.ch.SocketChannelImpl.read(SocketChannelImpl.java:426)
	at org.apache.zookeeper.server.NIOServerCnxn.doIO(NIOServerCnxn.java:331)
	at org.apache.zookeeper.server.NIOServerCnxnFactory$IOWorkRequest.doWork(NIOServerCnxnFactory.java:508)
	at org.apache.zookeeper.server.WorkerService$ScheduledWorkRequest.run(WorkerService.java:153)
	at java.base/java.util.concurrent.ThreadPoolExecutor.runWorker(ThreadPoolExecutor.java:1136)
	at java.base/java.util.concurrent.ThreadPoolExecutor$Worker.run(ThreadPoolExecutor.java:635)
	at java.base/java.lang.Thread.run(Thread.java:833)
2022-07-27 09:10:13,939 [myid:] - WARN  [NIOWorkerThread-11:o.a.z.s.NIOServerCnxn@380] - Close of session 0x100036bd9fb0004
java.net.SocketException: Connection reset
	at java.base/sun.nio.ch.SocketChannelImpl.throwConnectionReset(SocketChannelImpl.java:394)
	at java.base/sun.nio.ch.SocketChannelImpl.read(SocketChannelImpl.java:426)
	at org.apache.zookeeper.server.NIOServerCnxn.doIO(NIOServerCnxn.java:331)
	at org.apache.zookeeper.server.NIOServerCnxnFactory$IOWorkRequest.doWork(NIOServerCnxnFactory.java:508)
	at org.apache.zookeeper.server.WorkerService$ScheduledWorkRequest.run(WorkerService.java:153)
	at java.base/java.util.concurrent.ThreadPoolExecutor.runWorker(ThreadPoolExecutor.java:1136)
	at java.base/java.util.concurrent.ThreadPoolExecutor$Worker.run(ThreadPoolExecutor.java:635)
	at java.base/java.lang.Thread.run(Thread.java:833)
2022-07-27 09:10:24,335 [myid:] - INFO  [SessionTracker:o.a.z.s.ZooKeeperServer@632] - Expiring session 0x100036bd9fb0004, timeout of 10000ms exceeded
2022-07-27 09:10:24,336 [myid:] - INFO  [SessionTracker:o.a.z.s.ZooKeeperServer@632] - Expiring session 0x100036bd9fb0005, timeout of 10000ms exceeded
